<?xml version="1.0" encoding="UTF-8"?>
<!-- Generated by org.testng.reporters.JUnitReportReporter -->
<testsuite hostname="Lenovo-PC" name="Tests.NewRegistrationTest_withdatadriven" tests="2" failures="0" timestamp="1 Mar 2017 01:39:29 GMT" time="27.067" errors="0">
  <testcase name="VerifyRegisterLink" time="1.216" classname="Tests.NewRegistrationTest_withdatadriven"/>
  <testcase name="VerifyUserRegistration" time="25.851" classname="Tests.NewRegistrationTest_withdatadriven"/>
</testsuite> <!-- Tests.NewRegistrationTest_withdatadriven -->
