<?xml version="1.0" encoding="UTF-8"?>
<!-- Generated by org.testng.reporters.JUnitReportReporter -->
<testsuite hostname="Lenovo-PC" name="Tests.NewRegistrationTest_withoutdatadriven" tests="2" failures="0" timestamp="15 Feb 2017 01:55:01 GMT" time="26.731" errors="0">
  <testcase name="VerifyRegisterLink" time="4.819" classname="Tests.NewRegistrationTest_withoutdatadriven"/>
  <testcase name="VerifyUserRegistration" time="21.912" classname="Tests.NewRegistrationTest_withoutdatadriven"/>
</testsuite> <!-- Tests.NewRegistrationTest_withoutdatadriven -->
