<?xml version="1.0" encoding="UTF-8"?>
<!-- Generated by org.testng.reporters.JUnitReportReporter -->
<testsuite hostname="Lenovo-PC" name="Tests.NewRegistrationTest" tests="2" failures="0" timestamp="4 Nov 2016 00:16:08 GMT" time="21.077" errors="0">
  <testcase name="VerifyRegisterLink" time="0.932" classname="Tests.NewRegistrationTest"/>
  <testcase name="VerifyUserRegistration" time="20.145" classname="Tests.NewRegistrationTest"/>
</testsuite> <!-- Tests.NewRegistrationTest -->
